<?xml version="1.0" encoding="UTF-8"?>
<testsuite xmlns:xsi="http://www.w3.org/2001/XMLSchema-instance" xsi:noNamespaceSchemaLocation="https://maven.apache.org/surefire/maven-surefire-plugin/xsd/surefire-test-report.xsd" name="guo.ping.e3mall.manager.mapper.DaoTest" time="4.292" tests="1" errors="0" skipped="0" failures="0">
  <properties>
    <property name="sun.desktop" value="windows"/>
    <property name="awt.toolkit" value="sun.awt.windows.WToolkit"/>
    <property name="file.encoding.pkg" value="sun.io"/>
    <property name="java.specification.version" value="1.8"/>
    <property name="sun.cpu.isalist" value="amd64"/>
    <property name="sun.jnu.encoding" value="GBK"/>
    <property name="java.class.path" value="F:\java\e3-springboot\e3-manager\e3-manager-service\target\test-classes;F:\java\e3-springboot\e3-manager\e3-manager-service\target\classes;E:\maven_repo\guo\ping\e3mall\e3-manager-dao\1.0-SNAPSHOT\e3-manager-dao-1.0-SNAPSHOT.jar;E:\maven_repo\guo\ping\e3mall\e3-manager-pojo\1.0-SNAPSHOT\e3-manager-pojo-1.0-SNAPSHOT.jar;E:\maven_repo\org\mybatis\spring\boot\mybatis-spring-boot-starter\1.2.2\mybatis-spring-boot-starter-1.2.2.jar;E:\maven_repo\org\springframework\boot\spring-boot-starter-jdbc\2.0.4.RELEASE\spring-boot-starter-jdbc-2.0.4.RELEASE.jar;E:\maven_repo\com\zaxxer\HikariCP\2.7.9\HikariCP-2.7.9.jar;E:\maven_repo\org\springframework\spring-jdbc\5.0.8.RELEASE\spring-jdbc-5.0.8.RELEASE.jar;E:\maven_repo\org\springframework\spring-tx\5.0.8.RELEASE\spring-tx-5.0.8.RELEASE.jar;E:\maven_repo\org\mybatis\spring\boot\mybatis-spring-boot-autoconfigure\1.2.2\mybatis-spring-boot-autoconfigure-1.2.2.jar;E:\maven_repo\org\mybatis\mybatis\3.4.5\mybatis-3.4.5.jar;E:\maven_repo\org\mybatis\mybatis-spring\1.3.1\mybatis-spring-1.3.1.jar;E:\maven_repo\com\github\miemiedev\mybatis-paginator\1.2.15\mybatis-paginator-1.2.15.jar;E:\maven_repo\org\slf4j\slf4j-api\1.7.25\slf4j-api-1.7.25.jar;E:\maven_repo\com\github\pagehelper\pagehelper\3.7.5\pagehelper-3.7.5.jar;E:\maven_repo\com\github\jsqlparser\jsqlparser\0.9.1\jsqlparser-0.9.1.jar;E:\maven_repo\mysql\mysql-connector-java\5.1.32\mysql-connector-java-5.1.32.jar;E:\maven_repo\com\alibaba\druid\1.0.9\druid-1.0.9.jar;E:\Java\jdk1.8.0_111\jre\..\lib\jconsole.jar;E:\Java\jdk1.8.0_111\jre\..\lib\tools.jar;E:\maven_repo\guo\ping\e3mall\e3-manager-interface\1.0-SNAPSHOT\e3-manager-interface-1.0-SNAPSHOT.jar;E:\maven_repo\org\springframework\boot\spring-boot-starter-web\2.0.4.RELEASE\spring-boot-starter-web-2.0.4.RELEASE.jar;E:\maven_repo\org\springframework\boot\spring-boot-starter\2.0.4.RELEASE\spring-boot-starter-2.0.4.RELEASE.jar;E:\maven_repo\org\springframework\boot\spring-boot\2.0.4.RELEASE\spring-boot-2.0.4.RELEASE.jar;E:\maven_repo\org\springframework\boot\spring-boot-autoconfigure\2.0.4.RELEASE\spring-boot-autoconfigure-2.0.4.RELEASE.jar;E:\maven_repo\org\springframework\boot\spring-boot-starter-logging\2.0.4.RELEASE\spring-boot-starter-logging-2.0.4.RELEASE.jar;E:\maven_repo\ch\qos\logback\logback-classic\1.2.3\logback-classic-1.2.3.jar;E:\maven_repo\ch\qos\logback\logback-core\1.2.3\logback-core-1.2.3.jar;E:\maven_repo\org\apache\logging\log4j\log4j-to-slf4j\2.10.0\log4j-to-slf4j-2.10.0.jar;E:\maven_repo\org\apache\logging\log4j\log4j-api\2.10.0\log4j-api-2.10.0.jar;E:\maven_repo\org\slf4j\jul-to-slf4j\1.7.25\jul-to-slf4j-1.7.25.jar;E:\maven_repo\javax\annotation\javax.annotation-api\1.3.2\javax.annotation-api-1.3.2.jar;E:\maven_repo\org\yaml\snakeyaml\1.19\snakeyaml-1.19.jar;E:\maven_repo\org\springframework\boot\spring-boot-starter-json\2.0.4.RELEASE\spring-boot-starter-json-2.0.4.RELEASE.jar;E:\maven_repo\com\fasterxml\jackson\core\jackson-databind\2.9.6\jackson-databind-2.9.6.jar;E:\maven_repo\com\fasterxml\jackson\core\jackson-annotations\2.9.0\jackson-annotations-2.9.0.jar;E:\maven_repo\com\fasterxml\jackson\core\jackson-core\2.9.6\jackson-core-2.9.6.jar;E:\maven_repo\com\fasterxml\jackson\datatype\jackson-datatype-jdk8\2.9.6\jackson-datatype-jdk8-2.9.6.jar;E:\maven_repo\com\fasterxml\jackson\datatype\jackson-datatype-jsr310\2.9.6\jackson-datatype-jsr310-2.9.6.jar;E:\maven_repo\com\fasterxml\jackson\module\jackson-module-parameter-names\2.9.6\jackson-module-parameter-names-2.9.6.jar;E:\maven_repo\org\springframework\boot\spring-boot-starter-tomcat\2.0.4.RELEASE\spring-boot-starter-tomcat-2.0.4.RELEASE.jar;E:\maven_repo\org\apache\tomcat\embed\tomcat-embed-core\8.5.32\tomcat-embed-core-8.5.32.jar;E:\maven_repo\org\apache\tomcat\embed\tomcat-embed-el\8.5.32\tomcat-embed-el-8.5.32.jar;E:\maven_repo\org\apache\tomcat\embed\tomcat-embed-websocket\8.5.32\tomcat-embed-websocket-8.5.32.jar;E:\maven_repo\org\hibernate\validator\hibernate-validator\6.0.11.Final\hibernate-validator-6.0.11.Final.jar;E:\maven_repo\javax\validation\validation-api\2.0.1.Final\validation-api-2.0.1.Final.jar;E:\maven_repo\org\jboss\logging\jboss-logging\3.3.2.Final\jboss-logging-3.3.2.Final.jar;E:\maven_repo\com\fasterxml\classmate\1.3.4\classmate-1.3.4.jar;E:\maven_repo\org\springframework\spring-web\5.0.8.RELEASE\spring-web-5.0.8.RELEASE.jar;E:\maven_repo\org\springframework\spring-beans\5.0.8.RELEASE\spring-beans-5.0.8.RELEASE.jar;E:\maven_repo\org\springframework\spring-webmvc\5.0.8.RELEASE\spring-webmvc-5.0.8.RELEASE.jar;E:\maven_repo\org\springframework\spring-aop\5.0.8.RELEASE\spring-aop-5.0.8.RELEASE.jar;E:\maven_repo\org\springframework\spring-context\5.0.8.RELEASE\spring-context-5.0.8.RELEASE.jar;E:\maven_repo\org\springframework\spring-expression\5.0.8.RELEASE\spring-expression-5.0.8.RELEASE.jar;E:\maven_repo\org\springframework\boot\spring-boot-starter-test\2.0.4.RELEASE\spring-boot-starter-test-2.0.4.RELEASE.jar;E:\maven_repo\org\springframework\boot\spring-boot-test\2.0.4.RELEASE\spring-boot-test-2.0.4.RELEASE.jar;E:\maven_repo\org\springframework\boot\spring-boot-test-autoconfigure\2.0.4.RELEASE\spring-boot-test-autoconfigure-2.0.4.RELEASE.jar;E:\maven_repo\com\jayway\jsonpath\json-path\2.4.0\json-path-2.4.0.jar;E:\maven_repo\net\minidev\json-smart\2.3\json-smart-2.3.jar;E:\maven_repo\net\minidev\accessors-smart\1.2\accessors-smart-1.2.jar;E:\maven_repo\org\ow2\asm\asm\5.0.4\asm-5.0.4.jar;E:\maven_repo\junit\junit\4.12\junit-4.12.jar;E:\maven_repo\org\assertj\assertj-core\3.9.1\assertj-core-3.9.1.jar;E:\maven_repo\org\mockito\mockito-core\2.15.0\mockito-core-2.15.0.jar;E:\maven_repo\net\bytebuddy\byte-buddy\1.7.11\byte-buddy-1.7.11.jar;E:\maven_repo\net\bytebuddy\byte-buddy-agent\1.7.11\byte-buddy-agent-1.7.11.jar;E:\maven_repo\org\objenesis\objenesis\2.6\objenesis-2.6.jar;E:\maven_repo\org\hamcrest\hamcrest-core\1.3\hamcrest-core-1.3.jar;E:\maven_repo\org\hamcrest\hamcrest-library\1.3\hamcrest-library-1.3.jar;E:\maven_repo\org\skyscreamer\jsonassert\1.5.0\jsonassert-1.5.0.jar;E:\maven_repo\com\vaadin\external\google\android-json\0.0.20131108.vaadin1\android-json-0.0.20131108.vaadin1.jar;E:\maven_repo\org\springframework\spring-core\5.0.8.RELEASE\spring-core-5.0.8.RELEASE.jar;E:\maven_repo\org\springframework\spring-jcl\5.0.8.RELEASE\spring-jcl-5.0.8.RELEASE.jar;E:\maven_repo\org\springframework\spring-test\5.0.8.RELEASE\spring-test-5.0.8.RELEASE.jar;E:\maven_repo\org\xmlunit\xmlunit-core\2.5.1\xmlunit-core-2.5.1.jar;E:\maven_repo\com\alibaba\boot\dubbo-spring-boot-starter\0.2.0\dubbo-spring-boot-starter-0.2.0.jar;E:\maven_repo\com\alibaba\dubbo\2.6.2\dubbo-2.6.2.jar;E:\maven_repo\org\javassist\javassist\3.20.0-GA\javassist-3.20.0-GA.jar;E:\maven_repo\org\jboss\netty\netty\3.2.5.Final\netty-3.2.5.Final.jar;E:\maven_repo\org\apache\zookeeper\zookeeper\3.4.7\zookeeper-3.4.7.jar;E:\maven_repo\jline\jline\0.9.94\jline-0.9.94.jar;E:\maven_repo\io\netty\netty\3.7.0.Final\netty-3.7.0.Final.jar;E:\maven_repo\org\apache\curator\curator-framework\2.12.0\curator-framework-2.12.0.jar;E:\maven_repo\org\apache\curator\curator-client\2.12.0\curator-client-2.12.0.jar;E:\maven_repo\com\google\guava\guava\16.0.1\guava-16.0.1.jar;E:\maven_repo\com\alibaba\boot\dubbo-spring-boot-autoconfigure\0.2.0\dubbo-spring-boot-autoconfigure-0.2.0.jar;E:\maven_repo\com\github\sgroschupf\zkclient\0.1\zkclient-0.1.jar;E:\maven_repo\guo\ping\e3mall\e3-common\1.0-SNAPSHOT\e3-common-1.0-SNAPSHOT.jar;E:\maven_repo\joda-time\joda-time\2.5\joda-time-2.5.jar;E:\maven_repo\org\apache\commons\commons-lang3\3.3.2\commons-lang3-3.3.2.jar;E:\maven_repo\commons-io\commons-io\1.3.2\commons-io-1.3.2.jar;E:\maven_repo\commons-net\commons-net\3.3\commons-net-3.3.jar;E:\maven_repo\org\apache\httpcomponents\httpclient\4.3.5\httpclient-4.3.5.jar;E:\maven_repo\org\apache\httpcomponents\httpcore\4.4.10\httpcore-4.4.10.jar;E:\maven_repo\commons-logging\commons-logging\1.1.3\commons-logging-1.1.3.jar;E:\maven_repo\commons-codec\commons-codec\1.11\commons-codec-1.11.jar;E:\maven_repo\org\quartz-scheduler\quartz\2.2.2\quartz-2.2.2.jar;E:\maven_repo\c3p0\c3p0\0.9.1.1\c3p0-0.9.1.1.jar;"/>
    <property name="java.vm.vendor" value="Oracle Corporation"/>
    <property name="sun.arch.data.model" value="64"/>
    <property name="user.variant" value=""/>
    <property name="java.vendor.url" value="http://java.oracle.com/"/>
    <property name="user.timezone" value=""/>
    <property name="java.vm.specification.version" value="1.8"/>
    <property name="os.name" value="Windows 10"/>
    <property name="user.country" value="CN"/>
    <property name="sun.java.launcher" value="SUN_STANDARD"/>
    <property name="sun.boot.library.path" value="E:\Java\jdk1.8.0_111\jre\bin"/>
    <property name="sun.java.command" value="C:\Users\Guopin\AppData\Local\Temp\surefire551193995695702120\surefirebooter3740320932219397070.jar C:\Users\Guopin\AppData\Local\Temp\surefire551193995695702120 2018-08-06T08-02-29_714-jvmRun1 surefire7314910095023245160tmp surefire_07080392234808550063tmp"/>
    <property name="surefire.test.class.path" value="F:\java\e3-springboot\e3-manager\e3-manager-service\target\test-classes;F:\java\e3-springboot\e3-manager\e3-manager-service\target\classes;E:\maven_repo\guo\ping\e3mall\e3-manager-dao\1.0-SNAPSHOT\e3-manager-dao-1.0-SNAPSHOT.jar;E:\maven_repo\guo\ping\e3mall\e3-manager-pojo\1.0-SNAPSHOT\e3-manager-pojo-1.0-SNAPSHOT.jar;E:\maven_repo\org\mybatis\spring\boot\mybatis-spring-boot-starter\1.2.2\mybatis-spring-boot-starter-1.2.2.jar;E:\maven_repo\org\springframework\boot\spring-boot-starter-jdbc\2.0.4.RELEASE\spring-boot-starter-jdbc-2.0.4.RELEASE.jar;E:\maven_repo\com\zaxxer\HikariCP\2.7.9\HikariCP-2.7.9.jar;E:\maven_repo\org\springframework\spring-jdbc\5.0.8.RELEASE\spring-jdbc-5.0.8.RELEASE.jar;E:\maven_repo\org\springframework\spring-tx\5.0.8.RELEASE\spring-tx-5.0.8.RELEASE.jar;E:\maven_repo\org\mybatis\spring\boot\mybatis-spring-boot-autoconfigure\1.2.2\mybatis-spring-boot-autoconfigure-1.2.2.jar;E:\maven_repo\org\mybatis\mybatis\3.4.5\mybatis-3.4.5.jar;E:\maven_repo\org\mybatis\mybatis-spring\1.3.1\mybatis-spring-1.3.1.jar;E:\maven_repo\com\github\miemiedev\mybatis-paginator\1.2.15\mybatis-paginator-1.2.15.jar;E:\maven_repo\org\slf4j\slf4j-api\1.7.25\slf4j-api-1.7.25.jar;E:\maven_repo\com\github\pagehelper\pagehelper\3.7.5\pagehelper-3.7.5.jar;E:\maven_repo\com\github\jsqlparser\jsqlparser\0.9.1\jsqlparser-0.9.1.jar;E:\maven_repo\mysql\mysql-connector-java\5.1.32\mysql-connector-java-5.1.32.jar;E:\maven_repo\com\alibaba\druid\1.0.9\druid-1.0.9.jar;E:\Java\jdk1.8.0_111\jre\..\lib\jconsole.jar;E:\Java\jdk1.8.0_111\jre\..\lib\tools.jar;E:\maven_repo\guo\ping\e3mall\e3-manager-interface\1.0-SNAPSHOT\e3-manager-interface-1.0-SNAPSHOT.jar;E:\maven_repo\org\springframework\boot\spring-boot-starter-web\2.0.4.RELEASE\spring-boot-starter-web-2.0.4.RELEASE.jar;E:\maven_repo\org\springframework\boot\spring-boot-starter\2.0.4.RELEASE\spring-boot-starter-2.0.4.RELEASE.jar;E:\maven_repo\org\springframework\boot\spring-boot\2.0.4.RELEASE\spring-boot-2.0.4.RELEASE.jar;E:\maven_repo\org\springframework\boot\spring-boot-autoconfigure\2.0.4.RELEASE\spring-boot-autoconfigure-2.0.4.RELEASE.jar;E:\maven_repo\org\springframework\boot\spring-boot-starter-logging\2.0.4.RELEASE\spring-boot-starter-logging-2.0.4.RELEASE.jar;E:\maven_repo\ch\qos\logback\logback-classic\1.2.3\logback-classic-1.2.3.jar;E:\maven_repo\ch\qos\logback\logback-core\1.2.3\logback-core-1.2.3.jar;E:\maven_repo\org\apache\logging\log4j\log4j-to-slf4j\2.10.0\log4j-to-slf4j-2.10.0.jar;E:\maven_repo\org\apache\logging\log4j\log4j-api\2.10.0\log4j-api-2.10.0.jar;E:\maven_repo\org\slf4j\jul-to-slf4j\1.7.25\jul-to-slf4j-1.7.25.jar;E:\maven_repo\javax\annotation\javax.annotation-api\1.3.2\javax.annotation-api-1.3.2.jar;E:\maven_repo\org\yaml\snakeyaml\1.19\snakeyaml-1.19.jar;E:\maven_repo\org\springframework\boot\spring-boot-starter-json\2.0.4.RELEASE\spring-boot-starter-json-2.0.4.RELEASE.jar;E:\maven_repo\com\fasterxml\jackson\core\jackson-databind\2.9.6\jackson-databind-2.9.6.jar;E:\maven_repo\com\fasterxml\jackson\core\jackson-annotations\2.9.0\jackson-annotations-2.9.0.jar;E:\maven_repo\com\fasterxml\jackson\core\jackson-core\2.9.6\jackson-core-2.9.6.jar;E:\maven_repo\com\fasterxml\jackson\datatype\jackson-datatype-jdk8\2.9.6\jackson-datatype-jdk8-2.9.6.jar;E:\maven_repo\com\fasterxml\jackson\datatype\jackson-datatype-jsr310\2.9.6\jackson-datatype-jsr310-2.9.6.jar;E:\maven_repo\com\fasterxml\jackson\module\jackson-module-parameter-names\2.9.6\jackson-module-parameter-names-2.9.6.jar;E:\maven_repo\org\springframework\boot\spring-boot-starter-tomcat\2.0.4.RELEASE\spring-boot-starter-tomcat-2.0.4.RELEASE.jar;E:\maven_repo\org\apache\tomcat\embed\tomcat-embed-core\8.5.32\tomcat-embed-core-8.5.32.jar;E:\maven_repo\org\apache\tomcat\embed\tomcat-embed-el\8.5.32\tomcat-embed-el-8.5.32.jar;E:\maven_repo\org\apache\tomcat\embed\tomcat-embed-websocket\8.5.32\tomcat-embed-websocket-8.5.32.jar;E:\maven_repo\org\hibernate\validator\hibernate-validator\6.0.11.Final\hibernate-validator-6.0.11.Final.jar;E:\maven_repo\javax\validation\validation-api\2.0.1.Final\validation-api-2.0.1.Final.jar;E:\maven_repo\org\jboss\logging\jboss-logging\3.3.2.Final\jboss-logging-3.3.2.Final.jar;E:\maven_repo\com\fasterxml\classmate\1.3.4\classmate-1.3.4.jar;E:\maven_repo\org\springframework\spring-web\5.0.8.RELEASE\spring-web-5.0.8.RELEASE.jar;E:\maven_repo\org\springframework\spring-beans\5.0.8.RELEASE\spring-beans-5.0.8.RELEASE.jar;E:\maven_repo\org\springframework\spring-webmvc\5.0.8.RELEASE\spring-webmvc-5.0.8.RELEASE.jar;E:\maven_repo\org\springframework\spring-aop\5.0.8.RELEASE\spring-aop-5.0.8.RELEASE.jar;E:\maven_repo\org\springframework\spring-context\5.0.8.RELEASE\spring-context-5.0.8.RELEASE.jar;E:\maven_repo\org\springframework\spring-expression\5.0.8.RELEASE\spring-expression-5.0.8.RELEASE.jar;E:\maven_repo\org\springframework\boot\spring-boot-starter-test\2.0.4.RELEASE\spring-boot-starter-test-2.0.4.RELEASE.jar;E:\maven_repo\org\springframework\boot\spring-boot-test\2.0.4.RELEASE\spring-boot-test-2.0.4.RELEASE.jar;E:\maven_repo\org\springframework\boot\spring-boot-test-autoconfigure\2.0.4.RELEASE\spring-boot-test-autoconfigure-2.0.4.RELEASE.jar;E:\maven_repo\com\jayway\jsonpath\json-path\2.4.0\json-path-2.4.0.jar;E:\maven_repo\net\minidev\json-smart\2.3\json-smart-2.3.jar;E:\maven_repo\net\minidev\accessors-smart\1.2\accessors-smart-1.2.jar;E:\maven_repo\org\ow2\asm\asm\5.0.4\asm-5.0.4.jar;E:\maven_repo\junit\junit\4.12\junit-4.12.jar;E:\maven_repo\org\assertj\assertj-core\3.9.1\assertj-core-3.9.1.jar;E:\maven_repo\org\mockito\mockito-core\2.15.0\mockito-core-2.15.0.jar;E:\maven_repo\net\bytebuddy\byte-buddy\1.7.11\byte-buddy-1.7.11.jar;E:\maven_repo\net\bytebuddy\byte-buddy-agent\1.7.11\byte-buddy-agent-1.7.11.jar;E:\maven_repo\org\objenesis\objenesis\2.6\objenesis-2.6.jar;E:\maven_repo\org\hamcrest\hamcrest-core\1.3\hamcrest-core-1.3.jar;E:\maven_repo\org\hamcrest\hamcrest-library\1.3\hamcrest-library-1.3.jar;E:\maven_repo\org\skyscreamer\jsonassert\1.5.0\jsonassert-1.5.0.jar;E:\maven_repo\com\vaadin\external\google\android-json\0.0.20131108.vaadin1\android-json-0.0.20131108.vaadin1.jar;E:\maven_repo\org\springframework\spring-core\5.0.8.RELEASE\spring-core-5.0.8.RELEASE.jar;E:\maven_repo\org\springframework\spring-jcl\5.0.8.RELEASE\spring-jcl-5.0.8.RELEASE.jar;E:\maven_repo\org\springframework\spring-test\5.0.8.RELEASE\spring-test-5.0.8.RELEASE.jar;E:\maven_repo\org\xmlunit\xmlunit-core\2.5.1\xmlunit-core-2.5.1.jar;E:\maven_repo\com\alibaba\boot\dubbo-spring-boot-starter\0.2.0\dubbo-spring-boot-starter-0.2.0.jar;E:\maven_repo\com\alibaba\dubbo\2.6.2\dubbo-2.6.2.jar;E:\maven_repo\org\javassist\javassist\3.20.0-GA\javassist-3.20.0-GA.jar;E:\maven_repo\org\jboss\netty\netty\3.2.5.Final\netty-3.2.5.Final.jar;E:\maven_repo\org\apache\zookeeper\zookeeper\3.4.7\zookeeper-3.4.7.jar;E:\maven_repo\jline\jline\0.9.94\jline-0.9.94.jar;E:\maven_repo\io\netty\netty\3.7.0.Final\netty-3.7.0.Final.jar;E:\maven_repo\org\apache\curator\curator-framework\2.12.0\curator-framework-2.12.0.jar;E:\maven_repo\org\apache\curator\curator-client\2.12.0\curator-client-2.12.0.jar;E:\maven_repo\com\google\guava\guava\16.0.1\guava-16.0.1.jar;E:\maven_repo\com\alibaba\boot\dubbo-spring-boot-autoconfigure\0.2.0\dubbo-spring-boot-autoconfigure-0.2.0.jar;E:\maven_repo\com\github\sgroschupf\zkclient\0.1\zkclient-0.1.jar;E:\maven_repo\guo\ping\e3mall\e3-common\1.0-SNAPSHOT\e3-common-1.0-SNAPSHOT.jar;E:\maven_repo\joda-time\joda-time\2.5\joda-time-2.5.jar;E:\maven_repo\org\apache\commons\commons-lang3\3.3.2\commons-lang3-3.3.2.jar;E:\maven_repo\commons-io\commons-io\1.3.2\commons-io-1.3.2.jar;E:\maven_repo\commons-net\commons-net\3.3\commons-net-3.3.jar;E:\maven_repo\org\apache\httpcomponents\httpclient\4.3.5\httpclient-4.3.5.jar;E:\maven_repo\org\apache\httpcomponents\httpcore\4.4.10\httpcore-4.4.10.jar;E:\maven_repo\commons-logging\commons-logging\1.1.3\commons-logging-1.1.3.jar;E:\maven_repo\commons-codec\commons-codec\1.11\commons-codec-1.11.jar;E:\maven_repo\org\quartz-scheduler\quartz\2.2.2\quartz-2.2.2.jar;E:\maven_repo\c3p0\c3p0\0.9.1.1\c3p0-0.9.1.1.jar;"/>
    <property name="sun.cpu.endian" value="little"/>
    <property name="user.home" value="C:\Users\Guopin"/>
    <property name="user.language" value="zh"/>
    <property name="java.specification.vendor" value="Oracle Corporation"/>
    <property name="java.home" value="E:\Java\jdk1.8.0_111\jre"/>
    <property name="basedir" value="F:\java\e3-springboot\e3-manager\e3-manager-service"/>
    <property name="file.separator" value="\"/>
    <property name="line.separator" value="&#10;"/>
    <property name="java.vm.specification.vendor" value="Oracle Corporation"/>
    <property name="java.specification.name" value="Java Platform API Specification"/>
    <property name="java.awt.graphicsenv" value="sun.awt.Win32GraphicsEnvironment"/>
    <property name="surefire.real.class.path" value="C:\Users\Guopin\AppData\Local\Temp\surefire551193995695702120\surefirebooter3740320932219397070.jar"/>
    <property name="sun.boot.class.path" value="E:\Java\jdk1.8.0_111\jre\lib\resources.jar;E:\Java\jdk1.8.0_111\jre\lib\rt.jar;E:\Java\jdk1.8.0_111\jre\lib\sunrsasign.jar;E:\Java\jdk1.8.0_111\jre\lib\jsse.jar;E:\Java\jdk1.8.0_111\jre\lib\jce.jar;E:\Java\jdk1.8.0_111\jre\lib\charsets.jar;E:\Java\jdk1.8.0_111\jre\lib\jfr.jar;E:\Java\jdk1.8.0_111\jre\classes"/>
    <property name="user.script" value=""/>
    <property name="sun.management.compiler" value="HotSpot 64-Bit Tiered Compilers"/>
    <property name="java.runtime.version" value="1.8.0_111-b14"/>
    <property name="user.name" value="Guopin"/>
    <property name="path.separator" value=";"/>
    <property name="os.version" value="10.0"/>
    <property name="java.endorsed.dirs" value="E:\Java\jdk1.8.0_111\jre\lib\endorsed"/>
    <property name="java.runtime.name" value="Java(TM) SE Runtime Environment"/>
    <property name="file.encoding" value="GBK"/>
    <property name="java.vm.name" value="Java HotSpot(TM) 64-Bit Server VM"/>
    <property name="localRepository" value="E:\maven_repo"/>
    <property name="java.vendor.url.bug" value="http://bugreport.sun.com/bugreport/"/>
    <property name="java.io.tmpdir" value="C:\Users\Guopin\AppData\Local\Temp\"/>
    <property name="idea.version" value="2017.2.6"/>
    <property name="java.version" value="1.8.0_111"/>
    <property name="user.dir" value="F:\java\e3-springboot\e3-manager\e3-manager-service"/>
    <property name="os.arch" value="amd64"/>
    <property name="java.vm.specification.name" value="Java Virtual Machine Specification"/>
    <property name="java.awt.printerjob" value="sun.awt.windows.WPrinterJob"/>
    <property name="sun.os.patch.level" value=""/>
    <property name="java.library.path" value="E:\Java\jdk1.8.0_111\jre\bin;C:\Windows\Sun\Java\bin;C:\Windows\system32;C:\Windows;C:\Program Files\Docker\Docker\Resources\bin;C:\Program Files\NVIDIA GPU Computing Toolkit\CUDA\v8.0\bin;C:\Program Files\NVIDIA GPU Computing Toolkit\CUDA\v8.0\libnvvp;C:\Windows\system32;C:\Windows;C:\Windows\System32\Wbem;C:\Windows\System32\WindowsPowerShell\v1.0\;E:\Java\jdk1.8.0_111\bin;E:\Java\jdk1.8.0_111\jre\bin;E:\Apache\apache-maven-3.3.9\bin;E:\Git\cmd;E:\Python\Python27;E:\Python\Python27\Scripts;E:\Python\Python36;E:\Python\Python36\Scripts;E:\MinGW\mingw64\bin;E:\CMake\bin;E:\Opencv3.2\opencv\mingw64_build\install\x64\mingw\bin;C:\Program Files (x86)\NVIDIA Corporation\PhysX\Common;E:\DeepLeaning\cuda\bin;E:\Matlab\runtime\win64;E:\Matlab\bin;E:\Matlab\polyspace\bin;E:\cudnn\cuda\bin;C:\Users\Guopin\AppData\Local\Microsoft\WindowsApps;;E:\Microsoft VS Code\bin;."/>
    <property name="java.vm.info" value="mixed mode"/>
    <property name="java.vendor" value="Oracle Corporation"/>
    <property name="java.vm.version" value="25.111-b14"/>
    <property name="java.ext.dirs" value="E:\Java\jdk1.8.0_111\jre\lib\ext;C:\Windows\Sun\Java\lib\ext"/>
    <property name="sun.io.unicode.encoding" value="UnicodeLittle"/>
    <property name="maven.repo.local" value="E:\maven_repo"/>
    <property name="java.class.version" value="52.0"/>
  </properties>
  <testcase name="selectTbItemByIDTest" classname="guo.ping.e3mall.manager.mapper.DaoTest" time="0.448"/>
</testsuite>